Determining if the pthread_create exist failed with the following output:
Change Dir: /home/bartek/c++/cmake-build-debug/CMakeFiles/CMakeTmp

Run Build Command:"/usr/bin/make" "cmTC_87f70/fast"
/usr/bin/make -f CMakeFiles/cmTC_87f70.dir/build.make CMakeFiles/cmTC_87f70.dir/build
make[1]: Wejście do katalogu '/home/bartek/c++/cmake-build-debug/CMakeFiles/CMakeTmp'
Building C object CMakeFiles/cmTC_87f70.dir/CheckSymbolExists.c.o
/usr/bin/cc     -o CMakeFiles/cmTC_87f70.dir/CheckSymbolExists.c.o   -c /home/bartek/c++/cmake-build-debug/CMakeFiles/CMakeTmp/CheckSymbolExists.c
Linking C executable cmTC_87f70
/home/bartek/Pobrane/clion-2016.3.3/bin/cmake/bin/cmake -E cmake_link_script CMakeFiles/cmTC_87f70.dir/link.txt --verbose=1
/usr/bin/cc       CMakeFiles/cmTC_87f70.dir/CheckSymbolExists.c.o  -o cmTC_87f70 -rdynamic 
CMakeFiles/cmTC_87f70.dir/CheckSymbolExists.c.o: In function `main':
CheckSymbolExists.c:(.text+0x16): undefined reference to `pthread_create'
collect2: error: ld returned 1 exit status
CMakeFiles/cmTC_87f70.dir/build.make:97: polecenia dla obiektu 'cmTC_87f70' nie powiodły się
make[1]: *** [cmTC_87f70] Błąd 1
make[1]: Opuszczenie katalogu '/home/bartek/c++/cmake-build-debug/CMakeFiles/CMakeTmp'
Makefile:126: polecenia dla obiektu 'cmTC_87f70/fast' nie powiodły się
make: *** [cmTC_87f70/fast] Błąd 2

File /home/bartek/c++/cmake-build-debug/CMakeFiles/CMakeTmp/CheckSymbolExists.c:
/* */
#include <pthread.h>

int main(int argc, char** argv)
{
  (void)argv;
#ifndef pthread_create
  return ((int*)(&pthread_create))[argc];
#else
  (void)argc;
  return 0;
#endif
}

Determining if the function pthread_create exists in the pthreads failed with the following output:
Change Dir: /home/bartek/c++/cmake-build-debug/CMakeFiles/CMakeTmp

Run Build Command:"/usr/bin/make" "cmTC_07ea1/fast"
/usr/bin/make -f CMakeFiles/cmTC_07ea1.dir/build.make CMakeFiles/cmTC_07ea1.dir/build
make[1]: Wejście do katalogu '/home/bartek/c++/cmake-build-debug/CMakeFiles/CMakeTmp'
Building C object CMakeFiles/cmTC_07ea1.dir/CheckFunctionExists.c.o
/usr/bin/cc    -DCHECK_FUNCTION_EXISTS=pthread_create   -o CMakeFiles/cmTC_07ea1.dir/CheckFunctionExists.c.o   -c /home/bartek/Pobrane/clion-2016.3.3/bin/cmake/share/cmake-3.6/Modules/CheckFunctionExists.c
Linking C executable cmTC_07ea1
/home/bartek/Pobrane/clion-2016.3.3/bin/cmake/bin/cmake -E cmake_link_script CMakeFiles/cmTC_07ea1.dir/link.txt --verbose=1
/usr/bin/cc   -DCHECK_FUNCTION_EXISTS=pthread_create    CMakeFiles/cmTC_07ea1.dir/CheckFunctionExists.c.o  -o cmTC_07ea1 -rdynamic -lpthreads 
/usr/bin/ld: cannot find -lpthreads
collect2: error: ld returned 1 exit status
CMakeFiles/cmTC_07ea1.dir/build.make:97: polecenia dla obiektu 'cmTC_07ea1' nie powiodły się
make[1]: *** [cmTC_07ea1] Błąd 1
make[1]: Opuszczenie katalogu '/home/bartek/c++/cmake-build-debug/CMakeFiles/CMakeTmp'
Makefile:126: polecenia dla obiektu 'cmTC_07ea1/fast' nie powiodły się
make: *** [cmTC_07ea1/fast] Błąd 2


